{"__type":"$$EventMessageAudit","id":"25775b7b-132f-4649-acb5-92a97539efe2","ts":"2025-04-02T09:23:01.231-04:00","eventName":"n8n.audit.user.credentials.created","message":"n8n.audit.user.credentials.created","payload":{"userId":"fd90f13e-ba04-4333-9319-610de6bd9af0","_email":"harishankar@iyyntechnology.com","_firstName":"Hari","_lastName":"Shankar","globalRole":"global:owner","credentialType":"googleSheetsOAuth2Api","credentialId":"C6oILHV2olU9gBEH","publicApi":false,"projectId":"YfHgDXkEUYkLMJKv","projectType":"personal"}}
{"__type":"$$EventMessageConfirm","confirm":"25775b7b-132f-4649-acb5-92a97539efe2","ts":"2025-04-02T09:23:01.234-04:00","source":{"id":"0","name":"eventBus"}}
{"__type":"$$EventMessageAudit","id":"f4e5b403-a8a3-40fc-97a7-99bde3b56c52","ts":"2025-04-02T09:24:16.611-04:00","eventName":"n8n.audit.user.credentials.updated","message":"n8n.audit.user.credentials.updated","payload":{"userId":"fd90f13e-ba04-4333-9319-610de6bd9af0","_email":"harishankar@iyyntechnology.com","_firstName":"Hari","_lastName":"Shankar","globalRole":"global:owner","credentialType":"googleSheetsOAuth2Api","credentialId":"C6oILHV2olU9gBEH"}}
{"__type":"$$EventMessageConfirm","confirm":"f4e5b403-a8a3-40fc-97a7-99bde3b56c52","ts":"2025-04-02T09:24:16.611-04:00","source":{"id":"0","name":"eventBus"}}
{"__type":"$$EventMessageAudit","id":"37079722-671f-415c-8619-6ff2a3037552","ts":"2025-04-02T09:26:56.298-04:00","eventName":"n8n.audit.user.credentials.deleted","message":"n8n.audit.user.credentials.deleted","payload":{"userId":"fd90f13e-ba04-4333-9319-610de6bd9af0","_email":"harishankar@iyyntechnology.com","_firstName":"Hari","_lastName":"Shankar","globalRole":"global:owner","credentialType":"googleSheetsOAuth2Api","credentialId":"C6oILHV2olU9gBEH"}}
{"__type":"$$EventMessageConfirm","confirm":"37079722-671f-415c-8619-6ff2a3037552","ts":"2025-04-02T09:26:56.298-04:00","source":{"id":"0","name":"eventBus"}}
{"__type":"$$EventMessageAudit","id":"8af58793-be94-4ef5-a887-6c687898dcc0","ts":"2025-04-02T09:27:35.078-04:00","eventName":"n8n.audit.user.credentials.created","message":"n8n.audit.user.credentials.created","payload":{"userId":"fd90f13e-ba04-4333-9319-610de6bd9af0","_email":"harishankar@iyyntechnology.com","_firstName":"Hari","_lastName":"Shankar","globalRole":"global:owner","credentialType":"googleSheetsOAuth2Api","credentialId":"Xu6wjvNTP8FZjKcr","publicApi":false,"projectId":"YfHgDXkEUYkLMJKv","projectType":"personal"}}
{"__type":"$$EventMessageConfirm","confirm":"8af58793-be94-4ef5-a887-6c687898dcc0","ts":"2025-04-02T09:27:35.078-04:00","source":{"id":"0","name":"eventBus"}}
{"__type":"$$EventMessageAudit","id":"0ebc4ef3-7191-434c-ab6d-50e44eb792cf","ts":"2025-04-02T09:34:20.719-04:00","eventName":"n8n.audit.user.credentials.updated","message":"n8n.audit.user.credentials.updated","payload":{"userId":"fd90f13e-ba04-4333-9319-610de6bd9af0","_email":"harishankar@iyyntechnology.com","_firstName":"Hari","_lastName":"Shankar","globalRole":"global:owner","credentialType":"googleSheetsOAuth2Api","credentialId":"Xu6wjvNTP8FZjKcr"}}
{"__type":"$$EventMessageConfirm","confirm":"0ebc4ef3-7191-434c-ab6d-50e44eb792cf","ts":"2025-04-02T09:34:20.719-04:00","source":{"id":"0","name":"eventBus"}}
{"__type":"$$EventMessageAudit","id":"a80b68fd-742d-4f82-802c-cbf857117652","ts":"2025-04-02T09:34:33.022-04:00","eventName":"n8n.audit.user.credentials.updated","message":"n8n.audit.user.credentials.updated","payload":{"userId":"fd90f13e-ba04-4333-9319-610de6bd9af0","_email":"harishankar@iyyntechnology.com","_firstName":"Hari","_lastName":"Shankar","globalRole":"global:owner","credentialType":"googleSheetsOAuth2Api","credentialId":"Xu6wjvNTP8FZjKcr"}}
{"__type":"$$EventMessageConfirm","confirm":"a80b68fd-742d-4f82-802c-cbf857117652","ts":"2025-04-02T09:34:33.022-04:00","source":{"id":"0","name":"eventBus"}}
{"__type":"$$EventMessageAudit","id":"7f3c2673-6eb6-40b8-b0b3-e279a88af7f1","ts":"2025-04-02T09:46:11.363-04:00","eventName":"n8n.audit.user.credentials.created","message":"n8n.audit.user.credentials.created","payload":{"userId":"fd90f13e-ba04-4333-9319-610de6bd9af0","_email":"harishankar@iyyntechnology.com","_firstName":"Hari","_lastName":"Shankar","globalRole":"global:owner","credentialType":"googleSheetsOAuth2Api","credentialId":"k8aq778HZqLN8on7","publicApi":false,"projectId":"YfHgDXkEUYkLMJKv","projectType":"personal"}}
{"__type":"$$EventMessageConfirm","confirm":"7f3c2673-6eb6-40b8-b0b3-e279a88af7f1","ts":"2025-04-02T09:46:11.363-04:00","source":{"id":"0","name":"eventBus"}}
{"__type":"$$EventMessageWorkflow","id":"98c612b2-aadf-4b36-8ea1-14b8ebaea72b","ts":"2025-04-02T09:57:13.892-04:00","eventName":"n8n.workflow.started","message":"n8n.workflow.started","payload":{"executionId":"40","workflowId":"BKPjqGZrfnl3RJHk","isManual":false,"workflowName":"My workflow"}}
{"__type":"$$EventMessageConfirm","confirm":"98c612b2-aadf-4b36-8ea1-14b8ebaea72b","ts":"2025-04-02T09:57:13.893-04:00","source":{"id":"0","name":"eventBus"}}
{"__type":"$$EventMessageNode","id":"af6ee319-1d1d-4e1f-9739-523c93db88f6","ts":"2025-04-02T09:57:13.898-04:00","eventName":"n8n.node.started","message":"n8n.node.started","payload":{"workflowId":"BKPjqGZrfnl3RJHk","workflowName":"My workflow","executionId":"40","nodeType":"n8n-nodes-base.webhook","nodeName":"Webhook"}}
{"__type":"$$EventMessageConfirm","confirm":"af6ee319-1d1d-4e1f-9739-523c93db88f6","ts":"2025-04-02T09:57:13.899-04:00","source":{"id":"0","name":"eventBus"}}
{"__type":"$$EventMessageNode","id":"5b7613f1-1436-4f4b-8c23-0f08999c24ad","ts":"2025-04-02T09:57:13.903-04:00","eventName":"n8n.node.finished","message":"n8n.node.finished","payload":{"workflowId":"BKPjqGZrfnl3RJHk","workflowName":"My workflow","executionId":"40","nodeType":"n8n-nodes-base.webhook","nodeName":"Webhook"}}
{"__type":"$$EventMessageConfirm","confirm":"5b7613f1-1436-4f4b-8c23-0f08999c24ad","ts":"2025-04-02T09:57:13.904-04:00","source":{"id":"0","name":"eventBus"}}
{"__type":"$$EventMessageWorkflow","id":"2158655d-7344-4a3a-a62b-1cf7a9f68cde","ts":"2025-04-02T09:57:13.923-04:00","eventName":"n8n.workflow.success","message":"n8n.workflow.success","payload":{"executionId":"40","success":true,"isManual":true,"workflowId":"BKPjqGZrfnl3RJHk","workflowName":"My workflow"}}
{"__type":"$$EventMessageConfirm","confirm":"2158655d-7344-4a3a-a62b-1cf7a9f68cde","ts":"2025-04-02T09:57:13.924-04:00","source":{"id":"0","name":"eventBus"}}
{"__type":"$$EventMessageWorkflow","id":"08d6e393-c9cc-45d4-bb0b-2d569f378e15","ts":"2025-04-02T09:57:46.790-04:00","eventName":"n8n.workflow.started","message":"n8n.workflow.started","payload":{"executionId":"41","workflowId":"BKPjqGZrfnl3RJHk","isManual":false,"workflowName":"My workflow"}}
{"__type":"$$EventMessageConfirm","confirm":"08d6e393-c9cc-45d4-bb0b-2d569f378e15","ts":"2025-04-02T09:57:46.790-04:00","source":{"id":"0","name":"eventBus"}}
{"__type":"$$EventMessageNode","id":"e5f19e88-75a5-440d-98f6-69ba4724d956","ts":"2025-04-02T09:57:46.793-04:00","eventName":"n8n.node.started","message":"n8n.node.started","payload":{"workflowId":"BKPjqGZrfnl3RJHk","workflowName":"My workflow","executionId":"41","nodeType":"n8n-nodes-base.webhook","nodeName":"Webhook"}}
{"__type":"$$EventMessageConfirm","confirm":"e5f19e88-75a5-440d-98f6-69ba4724d956","ts":"2025-04-02T09:57:46.793-04:00","source":{"id":"0","name":"eventBus"}}
{"__type":"$$EventMessageNode","id":"d60c0377-8c7a-45ae-9ff5-907eaf432198","ts":"2025-04-02T09:57:46.795-04:00","eventName":"n8n.node.finished","message":"n8n.node.finished","payload":{"workflowId":"BKPjqGZrfnl3RJHk","workflowName":"My workflow","executionId":"41","nodeType":"n8n-nodes-base.webhook","nodeName":"Webhook"}}
{"__type":"$$EventMessageConfirm","confirm":"d60c0377-8c7a-45ae-9ff5-907eaf432198","ts":"2025-04-02T09:57:46.795-04:00","source":{"id":"0","name":"eventBus"}}
{"__type":"$$EventMessageWorkflow","id":"6ae93f4b-f6c7-4099-8fb3-7c5a754a4141","ts":"2025-04-02T09:57:46.802-04:00","eventName":"n8n.workflow.success","message":"n8n.workflow.success","payload":{"executionId":"41","success":true,"isManual":true,"workflowId":"BKPjqGZrfnl3RJHk","workflowName":"My workflow"}}
{"__type":"$$EventMessageConfirm","confirm":"6ae93f4b-f6c7-4099-8fb3-7c5a754a4141","ts":"2025-04-02T09:57:46.802-04:00","source":{"id":"0","name":"eventBus"}}
{"__type":"$$EventMessageWorkflow","id":"0c4a9ce6-4331-47a0-a7df-bd1ac9064395","ts":"2025-04-02T10:00:24.765-04:00","eventName":"n8n.workflow.started","message":"n8n.workflow.started","payload":{"executionId":"42","workflowId":"BKPjqGZrfnl3RJHk","isManual":false,"workflowName":"My workflow"}}
{"__type":"$$EventMessageConfirm","confirm":"0c4a9ce6-4331-47a0-a7df-bd1ac9064395","ts":"2025-04-02T10:00:24.765-04:00","source":{"id":"0","name":"eventBus"}}
{"__type":"$$EventMessageNode","id":"33a234cd-1b82-4a93-bfd5-6ff784c7a31c","ts":"2025-04-02T10:00:24.766-04:00","eventName":"n8n.node.started","message":"n8n.node.started","payload":{"workflowId":"BKPjqGZrfnl3RJHk","workflowName":"My workflow","executionId":"42","nodeType":"n8n-nodes-base.set","nodeName":"Edit Fields"}}
{"__type":"$$EventMessageConfirm","confirm":"33a234cd-1b82-4a93-bfd5-6ff784c7a31c","ts":"2025-04-02T10:00:24.766-04:00","source":{"id":"0","name":"eventBus"}}
{"__type":"$$EventMessageNode","id":"b122a283-b24e-4cb8-a27e-4b7ce85558b0","ts":"2025-04-02T10:00:24.810-04:00","eventName":"n8n.node.finished","message":"n8n.node.finished","payload":{"workflowId":"BKPjqGZrfnl3RJHk","workflowName":"My workflow","executionId":"42","nodeType":"n8n-nodes-base.set","nodeName":"Edit Fields"}}
{"__type":"$$EventMessageConfirm","confirm":"b122a283-b24e-4cb8-a27e-4b7ce85558b0","ts":"2025-04-02T10:00:24.810-04:00","source":{"id":"0","name":"eventBus"}}
{"__type":"$$EventMessageWorkflow","id":"c43ffff4-2a80-4a1c-abfc-1b785773fa32","ts":"2025-04-02T10:00:24.817-04:00","eventName":"n8n.workflow.success","message":"n8n.workflow.success","payload":{"executionId":"42","userId":"fd90f13e-ba04-4333-9319-610de6bd9af0","success":true,"isManual":true,"workflowId":"BKPjqGZrfnl3RJHk","workflowName":"My workflow"}}
{"__type":"$$EventMessageConfirm","confirm":"c43ffff4-2a80-4a1c-abfc-1b785773fa32","ts":"2025-04-02T10:00:24.817-04:00","source":{"id":"0","name":"eventBus"}}
{"__type":"$$EventMessageWorkflow","id":"aaa6933c-5cca-4888-ad16-28d8ff089521","ts":"2025-04-02T10:01:08.668-04:00","eventName":"n8n.workflow.failed","message":"n8n.workflow.failed","payload":{"executionId":"43","userId":"fd90f13e-ba04-4333-9319-610de6bd9af0","success":false,"isManual":true,"workflowId":"BKPjqGZrfnl3RJHk","workflowName":"My workflow","errorMessage":"The workflow has issues and cannot be executed for that reason. Please fix them first."}}
{"__type":"$$EventMessageConfirm","confirm":"aaa6933c-5cca-4888-ad16-28d8ff089521","ts":"2025-04-02T10:01:08.668-04:00","source":{"id":"0","name":"eventBus"}}
{"__type":"$$EventMessageWorkflow","id":"cb80ee1f-1d22-4847-87c6-387d44baab7c","ts":"2025-04-02T10:01:53.996-04:00","eventName":"n8n.workflow.started","message":"n8n.workflow.started","payload":{"executionId":"44","workflowId":"BKPjqGZrfnl3RJHk","isManual":false,"workflowName":"My workflow"}}
{"__type":"$$EventMessageConfirm","confirm":"cb80ee1f-1d22-4847-87c6-387d44baab7c","ts":"2025-04-02T10:01:53.996-04:00","source":{"id":"0","name":"eventBus"}}
{"__type":"$$EventMessageNode","id":"ec20a4de-46f8-4bce-a879-6112e8c1f879","ts":"2025-04-02T10:01:53.997-04:00","eventName":"n8n.node.started","message":"n8n.node.started","payload":{"workflowId":"BKPjqGZrfnl3RJHk","workflowName":"My workflow","executionId":"44","nodeType":"n8n-nodes-base.googleSheets","nodeName":"Google Sheets"}}
{"__type":"$$EventMessageConfirm","confirm":"ec20a4de-46f8-4bce-a879-6112e8c1f879","ts":"2025-04-02T10:01:53.997-04:00","source":{"id":"0","name":"eventBus"}}
{"__type":"$$EventMessageNode","id":"c50f9173-bc57-4daa-b240-6eeeb918af77","ts":"2025-04-02T10:01:54.422-04:00","eventName":"n8n.node.finished","message":"n8n.node.finished","payload":{"workflowId":"BKPjqGZrfnl3RJHk","workflowName":"My workflow","executionId":"44","nodeType":"n8n-nodes-base.googleSheets","nodeName":"Google Sheets"}}
{"__type":"$$EventMessageConfirm","confirm":"c50f9173-bc57-4daa-b240-6eeeb918af77","ts":"2025-04-02T10:01:54.422-04:00","source":{"id":"0","name":"eventBus"}}
{"__type":"$$EventMessageWorkflow","id":"4d5363f8-e09d-4ddb-8ba5-688ae6ba6f05","ts":"2025-04-02T10:01:54.424-04:00","eventName":"n8n.workflow.failed","message":"n8n.workflow.failed","payload":{"executionId":"44","userId":"fd90f13e-ba04-4333-9319-610de6bd9af0","success":false,"isManual":true,"workflowId":"BKPjqGZrfnl3RJHk","workflowName":"My workflow","lastNodeExecuted":"Google Sheets","errorNodeType":"n8n-nodes-base.googleSheets","errorMessage":"Sheet with name Sheet 1 not found"}}
{"__type":"$$EventMessageConfirm","confirm":"4d5363f8-e09d-4ddb-8ba5-688ae6ba6f05","ts":"2025-04-02T10:01:54.424-04:00","source":{"id":"0","name":"eventBus"}}
{"__type":"$$EventMessageWorkflow","id":"b69ecf2f-c8d9-440d-899b-265b0782f6af","ts":"2025-04-02T10:02:11.113-04:00","eventName":"n8n.workflow.started","message":"n8n.workflow.started","payload":{"executionId":"45","workflowId":"BKPjqGZrfnl3RJHk","isManual":false,"workflowName":"My workflow"}}
{"__type":"$$EventMessageConfirm","confirm":"b69ecf2f-c8d9-440d-899b-265b0782f6af","ts":"2025-04-02T10:02:11.113-04:00","source":{"id":"0","name":"eventBus"}}
{"__type":"$$EventMessageNode","id":"0e6a064c-b6d1-453e-a259-3d1bd8a5fae6","ts":"2025-04-02T10:02:11.114-04:00","eventName":"n8n.node.started","message":"n8n.node.started","payload":{"workflowId":"BKPjqGZrfnl3RJHk","workflowName":"My workflow","executionId":"45","nodeType":"n8n-nodes-base.googleSheets","nodeName":"Google Sheets"}}
{"__type":"$$EventMessageConfirm","confirm":"0e6a064c-b6d1-453e-a259-3d1bd8a5fae6","ts":"2025-04-02T10:02:11.114-04:00","source":{"id":"0","name":"eventBus"}}
{"__type":"$$EventMessageNode","id":"b4dd8265-e989-4aa6-9d53-08ed43ec3f58","ts":"2025-04-02T10:02:11.509-04:00","eventName":"n8n.node.finished","message":"n8n.node.finished","payload":{"workflowId":"BKPjqGZrfnl3RJHk","workflowName":"My workflow","executionId":"45","nodeType":"n8n-nodes-base.googleSheets","nodeName":"Google Sheets"}}
{"__type":"$$EventMessageConfirm","confirm":"b4dd8265-e989-4aa6-9d53-08ed43ec3f58","ts":"2025-04-02T10:02:11.509-04:00","source":{"id":"0","name":"eventBus"}}
{"__type":"$$EventMessageWorkflow","id":"11d9d225-45f7-4d86-90c9-983874ad702a","ts":"2025-04-02T10:02:11.511-04:00","eventName":"n8n.workflow.failed","message":"n8n.workflow.failed","payload":{"executionId":"45","userId":"fd90f13e-ba04-4333-9319-610de6bd9af0","success":false,"isManual":true,"workflowId":"BKPjqGZrfnl3RJHk","workflowName":"My workflow","lastNodeExecuted":"Google Sheets","errorNodeType":"n8n-nodes-base.googleSheets","errorMessage":"Sheet with name n8n not found"}}
{"__type":"$$EventMessageConfirm","confirm":"11d9d225-45f7-4d86-90c9-983874ad702a","ts":"2025-04-02T10:02:11.512-04:00","source":{"id":"0","name":"eventBus"}}
{"__type":"$$EventMessageWorkflow","id":"3a869a0b-8399-4252-a8d3-27f695d85394","ts":"2025-04-02T10:02:32.642-04:00","eventName":"n8n.workflow.started","message":"n8n.workflow.started","payload":{"executionId":"46","workflowId":"BKPjqGZrfnl3RJHk","isManual":false,"workflowName":"My workflow"}}
{"__type":"$$EventMessageConfirm","confirm":"3a869a0b-8399-4252-a8d3-27f695d85394","ts":"2025-04-02T10:02:32.642-04:00","source":{"id":"0","name":"eventBus"}}
{"__type":"$$EventMessageNode","id":"a7843a3b-00f5-4250-9758-df7238f123e6","ts":"2025-04-02T10:02:32.642-04:00","eventName":"n8n.node.started","message":"n8n.node.started","payload":{"workflowId":"BKPjqGZrfnl3RJHk","workflowName":"My workflow","executionId":"46","nodeType":"n8n-nodes-base.googleSheets","nodeName":"Google Sheets"}}
{"__type":"$$EventMessageConfirm","confirm":"a7843a3b-00f5-4250-9758-df7238f123e6","ts":"2025-04-02T10:02:32.642-04:00","source":{"id":"0","name":"eventBus"}}
{"__type":"$$EventMessageNode","id":"48d99c5a-4e47-467a-b0d4-2e1939daa5a9","ts":"2025-04-02T10:02:36.020-04:00","eventName":"n8n.node.finished","message":"n8n.node.finished","payload":{"workflowId":"BKPjqGZrfnl3RJHk","workflowName":"My workflow","executionId":"46","nodeType":"n8n-nodes-base.googleSheets","nodeName":"Google Sheets"}}
{"__type":"$$EventMessageConfirm","confirm":"48d99c5a-4e47-467a-b0d4-2e1939daa5a9","ts":"2025-04-02T10:02:36.020-04:00","source":{"id":"0","name":"eventBus"}}
{"__type":"$$EventMessageWorkflow","id":"07f2304f-eee7-4203-817e-d8292ad472eb","ts":"2025-04-02T10:02:36.026-04:00","eventName":"n8n.workflow.success","message":"n8n.workflow.success","payload":{"executionId":"46","userId":"fd90f13e-ba04-4333-9319-610de6bd9af0","success":true,"isManual":true,"workflowId":"BKPjqGZrfnl3RJHk","workflowName":"My workflow"}}
{"__type":"$$EventMessageConfirm","confirm":"07f2304f-eee7-4203-817e-d8292ad472eb","ts":"2025-04-02T10:02:36.026-04:00","source":{"id":"0","name":"eventBus"}}
{"__type":"$$EventMessageAudit","id":"99e4c9cb-53e9-48c8-8731-dfd4660ad4e8","ts":"2025-04-02T10:03:28.363-04:00","eventName":"n8n.audit.workflow.updated","message":"n8n.audit.workflow.updated","payload":{"userId":"fd90f13e-ba04-4333-9319-610de6bd9af0","_email":"harishankar@iyyntechnology.com","_firstName":"Hari","_lastName":"Shankar","globalRole":"global:owner","workflowId":"BKPjqGZrfnl3RJHk","workflowName":"My workflow"}}
{"__type":"$$EventMessageConfirm","confirm":"99e4c9cb-53e9-48c8-8731-dfd4660ad4e8","ts":"2025-04-02T10:03:28.363-04:00","source":{"id":"0","name":"eventBus"}}
{"__type":"$$EventMessageAudit","id":"443f5a6a-3e7b-4432-b2fc-3afb141b0f46","ts":"2025-04-02T10:03:36.387-04:00","eventName":"n8n.audit.workflow.updated","message":"n8n.audit.workflow.updated","payload":{"userId":"fd90f13e-ba04-4333-9319-610de6bd9af0","_email":"harishankar@iyyntechnology.com","_firstName":"Hari","_lastName":"Shankar","globalRole":"global:owner","workflowId":"BKPjqGZrfnl3RJHk","workflowName":"Webhook"}}
{"__type":"$$EventMessageConfirm","confirm":"443f5a6a-3e7b-4432-b2fc-3afb141b0f46","ts":"2025-04-02T10:03:36.387-04:00","source":{"id":"0","name":"eventBus"}}
{"__type":"$$EventMessageWorkflow","id":"2ede6ee6-b7b1-41d1-891a-611909118a85","ts":"2025-04-02T10:04:02.749-04:00","eventName":"n8n.workflow.started","message":"n8n.workflow.started","payload":{"executionId":"47","workflowId":"BKPjqGZrfnl3RJHk","isManual":false,"workflowName":"Webhook"}}
{"__type":"$$EventMessageConfirm","confirm":"2ede6ee6-b7b1-41d1-891a-611909118a85","ts":"2025-04-02T10:04:02.749-04:00","source":{"id":"0","name":"eventBus"}}
{"__type":"$$EventMessageNode","id":"641be8d7-f95a-4a19-94ef-5223396fec66","ts":"2025-04-02T10:04:02.749-04:00","eventName":"n8n.node.started","message":"n8n.node.started","payload":{"workflowId":"BKPjqGZrfnl3RJHk","workflowName":"Webhook","executionId":"47","nodeType":"n8n-nodes-base.webhook","nodeName":"Webhook"}}
{"__type":"$$EventMessageConfirm","confirm":"641be8d7-f95a-4a19-94ef-5223396fec66","ts":"2025-04-02T10:04:02.749-04:00","source":{"id":"0","name":"eventBus"}}
{"__type":"$$EventMessageNode","id":"00da4eec-e615-43de-b6c7-d6c6e02f48b2","ts":"2025-04-02T10:04:02.749-04:00","eventName":"n8n.node.finished","message":"n8n.node.finished","payload":{"workflowId":"BKPjqGZrfnl3RJHk","workflowName":"Webhook","executionId":"47","nodeType":"n8n-nodes-base.webhook","nodeName":"Webhook"}}
{"__type":"$$EventMessageConfirm","confirm":"00da4eec-e615-43de-b6c7-d6c6e02f48b2","ts":"2025-04-02T10:04:02.750-04:00","source":{"id":"0","name":"eventBus"}}
{"__type":"$$EventMessageWorkflow","id":"581a3081-e11c-4809-84e1-3456c3b2a9b4","ts":"2025-04-02T10:04:02.754-04:00","eventName":"n8n.workflow.success","message":"n8n.workflow.success","payload":{"executionId":"47","success":true,"isManual":true,"workflowId":"BKPjqGZrfnl3RJHk","workflowName":"Webhook"}}
{"__type":"$$EventMessageConfirm","confirm":"581a3081-e11c-4809-84e1-3456c3b2a9b4","ts":"2025-04-02T10:04:02.754-04:00","source":{"id":"0","name":"eventBus"}}
{"__type":"$$EventMessageWorkflow","id":"be3cda58-34d5-490e-bc5f-bfa53d99213c","ts":"2025-04-02T10:05:04.589-04:00","eventName":"n8n.workflow.started","message":"n8n.workflow.started","payload":{"executionId":"48","workflowId":"BKPjqGZrfnl3RJHk","isManual":false,"workflowName":"Webhook"}}
{"__type":"$$EventMessageConfirm","confirm":"be3cda58-34d5-490e-bc5f-bfa53d99213c","ts":"2025-04-02T10:05:04.589-04:00","source":{"id":"0","name":"eventBus"}}
{"__type":"$$EventMessageNode","id":"c11479fd-483a-4c5b-b0f4-0224cf8130ac","ts":"2025-04-02T10:05:04.590-04:00","eventName":"n8n.node.started","message":"n8n.node.started","payload":{"workflowId":"BKPjqGZrfnl3RJHk","workflowName":"Webhook","executionId":"48","nodeType":"n8n-nodes-base.webhook","nodeName":"Webhook"}}
{"__type":"$$EventMessageConfirm","confirm":"c11479fd-483a-4c5b-b0f4-0224cf8130ac","ts":"2025-04-02T10:05:04.590-04:00","source":{"id":"0","name":"eventBus"}}
{"__type":"$$EventMessageNode","id":"9f62d60c-2197-489e-a0e1-8a22a7e5be3f","ts":"2025-04-02T10:05:04.592-04:00","eventName":"n8n.node.finished","message":"n8n.node.finished","payload":{"workflowId":"BKPjqGZrfnl3RJHk","workflowName":"Webhook","executionId":"48","nodeType":"n8n-nodes-base.webhook","nodeName":"Webhook"}}
{"__type":"$$EventMessageConfirm","confirm":"9f62d60c-2197-489e-a0e1-8a22a7e5be3f","ts":"2025-04-02T10:05:04.593-04:00","source":{"id":"0","name":"eventBus"}}
{"__type":"$$EventMessageNode","id":"ae7142a7-b11c-405a-b907-2423942bf07b","ts":"2025-04-02T10:05:04.593-04:00","eventName":"n8n.node.started","message":"n8n.node.started","payload":{"workflowId":"BKPjqGZrfnl3RJHk","workflowName":"Webhook","executionId":"48","nodeType":"n8n-nodes-base.set","nodeName":"Edit Fields"}}
{"__type":"$$EventMessageConfirm","confirm":"ae7142a7-b11c-405a-b907-2423942bf07b","ts":"2025-04-02T10:05:04.594-04:00","source":{"id":"0","name":"eventBus"}}
{"__type":"$$EventMessageNode","id":"04790393-4d22-4130-92db-4528e6d02336","ts":"2025-04-02T10:05:04.653-04:00","eventName":"n8n.node.finished","message":"n8n.node.finished","payload":{"workflowId":"BKPjqGZrfnl3RJHk","workflowName":"Webhook","executionId":"48","nodeType":"n8n-nodes-base.set","nodeName":"Edit Fields"}}
{"__type":"$$EventMessageConfirm","confirm":"04790393-4d22-4130-92db-4528e6d02336","ts":"2025-04-02T10:05:04.654-04:00","source":{"id":"0","name":"eventBus"}}
{"__type":"$$EventMessageNode","id":"04d3174e-e11a-49d6-9d53-fbd56ca6aa09","ts":"2025-04-02T10:05:04.655-04:00","eventName":"n8n.node.started","message":"n8n.node.started","payload":{"workflowId":"BKPjqGZrfnl3RJHk","workflowName":"Webhook","executionId":"48","nodeType":"n8n-nodes-base.googleSheets","nodeName":"Google Sheets"}}
{"__type":"$$EventMessageConfirm","confirm":"04d3174e-e11a-49d6-9d53-fbd56ca6aa09","ts":"2025-04-02T10:05:04.655-04:00","source":{"id":"0","name":"eventBus"}}
{"__type":"$$EventMessageNode","id":"00de3177-88ac-4a38-aeda-fc3953b08b60","ts":"2025-04-02T10:05:07.359-04:00","eventName":"n8n.node.finished","message":"n8n.node.finished","payload":{"workflowId":"BKPjqGZrfnl3RJHk","workflowName":"Webhook","executionId":"48","nodeType":"n8n-nodes-base.googleSheets","nodeName":"Google Sheets"}}
{"__type":"$$EventMessageConfirm","confirm":"00de3177-88ac-4a38-aeda-fc3953b08b60","ts":"2025-04-02T10:05:07.360-04:00","source":{"id":"0","name":"eventBus"}}
{"__type":"$$EventMessageWorkflow","id":"d1d6a2c8-cbb7-47cd-9545-fbf300b38f8a","ts":"2025-04-02T10:05:07.364-04:00","eventName":"n8n.workflow.success","message":"n8n.workflow.success","payload":{"executionId":"48","success":true,"isManual":true,"workflowId":"BKPjqGZrfnl3RJHk","workflowName":"Webhook"}}
{"__type":"$$EventMessageConfirm","confirm":"d1d6a2c8-cbb7-47cd-9545-fbf300b38f8a","ts":"2025-04-02T10:05:07.364-04:00","source":{"id":"0","name":"eventBus"}}
{"__type":"$$EventMessageWorkflow","id":"bd62148d-c313-42b6-a7da-42e470204686","ts":"2025-04-02T10:05:56.705-04:00","eventName":"n8n.workflow.started","message":"n8n.workflow.started","payload":{"executionId":"49","workflowId":"BKPjqGZrfnl3RJHk","isManual":false,"workflowName":"Webhook"}}
{"__type":"$$EventMessageConfirm","confirm":"bd62148d-c313-42b6-a7da-42e470204686","ts":"2025-04-02T10:05:56.705-04:00","source":{"id":"0","name":"eventBus"}}
{"__type":"$$EventMessageNode","id":"51f47a63-6e20-4aec-9a8d-2acdac48f036","ts":"2025-04-02T10:05:56.705-04:00","eventName":"n8n.node.started","message":"n8n.node.started","payload":{"workflowId":"BKPjqGZrfnl3RJHk","workflowName":"Webhook","executionId":"49","nodeType":"n8n-nodes-base.webhook","nodeName":"Webhook"}}
{"__type":"$$EventMessageConfirm","confirm":"51f47a63-6e20-4aec-9a8d-2acdac48f036","ts":"2025-04-02T10:05:56.705-04:00","source":{"id":"0","name":"eventBus"}}
{"__type":"$$EventMessageNode","id":"cce3ad4e-f1d4-4cc1-8cc7-200ea679961c","ts":"2025-04-02T10:05:56.706-04:00","eventName":"n8n.node.finished","message":"n8n.node.finished","payload":{"workflowId":"BKPjqGZrfnl3RJHk","workflowName":"Webhook","executionId":"49","nodeType":"n8n-nodes-base.webhook","nodeName":"Webhook"}}
{"__type":"$$EventMessageConfirm","confirm":"cce3ad4e-f1d4-4cc1-8cc7-200ea679961c","ts":"2025-04-02T10:05:56.706-04:00","source":{"id":"0","name":"eventBus"}}
{"__type":"$$EventMessageNode","id":"4d1325a7-78a0-4271-8c22-03153281c45c","ts":"2025-04-02T10:05:56.706-04:00","eventName":"n8n.node.started","message":"n8n.node.started","payload":{"workflowId":"BKPjqGZrfnl3RJHk","workflowName":"Webhook","executionId":"49","nodeType":"n8n-nodes-base.set","nodeName":"Edit Fields"}}
{"__type":"$$EventMessageConfirm","confirm":"4d1325a7-78a0-4271-8c22-03153281c45c","ts":"2025-04-02T10:05:56.706-04:00","source":{"id":"0","name":"eventBus"}}
{"__type":"$$EventMessageNode","id":"e1686cf3-d02d-4a65-9d15-73656d3104c7","ts":"2025-04-02T10:05:56.753-04:00","eventName":"n8n.node.finished","message":"n8n.node.finished","payload":{"workflowId":"BKPjqGZrfnl3RJHk","workflowName":"Webhook","executionId":"49","nodeType":"n8n-nodes-base.set","nodeName":"Edit Fields"}}
{"__type":"$$EventMessageConfirm","confirm":"e1686cf3-d02d-4a65-9d15-73656d3104c7","ts":"2025-04-02T10:05:56.753-04:00","source":{"id":"0","name":"eventBus"}}
{"__type":"$$EventMessageNode","id":"eadd6dd6-c680-44dc-afd8-96f459d96510","ts":"2025-04-02T10:05:56.754-04:00","eventName":"n8n.node.started","message":"n8n.node.started","payload":{"workflowId":"BKPjqGZrfnl3RJHk","workflowName":"Webhook","executionId":"49","nodeType":"n8n-nodes-base.googleSheets","nodeName":"Google Sheets"}}
{"__type":"$$EventMessageConfirm","confirm":"eadd6dd6-c680-44dc-afd8-96f459d96510","ts":"2025-04-02T10:05:56.754-04:00","source":{"id":"0","name":"eventBus"}}
{"__type":"$$EventMessageNode","id":"3a1ff70f-e5ac-40fd-9e28-1cf96ed37d7c","ts":"2025-04-02T10:05:59.336-04:00","eventName":"n8n.node.finished","message":"n8n.node.finished","payload":{"workflowId":"BKPjqGZrfnl3RJHk","workflowName":"Webhook","executionId":"49","nodeType":"n8n-nodes-base.googleSheets","nodeName":"Google Sheets"}}
{"__type":"$$EventMessageConfirm","confirm":"3a1ff70f-e5ac-40fd-9e28-1cf96ed37d7c","ts":"2025-04-02T10:05:59.336-04:00","source":{"id":"0","name":"eventBus"}}
{"__type":"$$EventMessageWorkflow","id":"25fc6538-a911-4433-9cd2-489f5d9bbec9","ts":"2025-04-02T10:05:59.340-04:00","eventName":"n8n.workflow.success","message":"n8n.workflow.success","payload":{"executionId":"49","success":true,"isManual":true,"workflowId":"BKPjqGZrfnl3RJHk","workflowName":"Webhook"}}
{"__type":"$$EventMessageConfirm","confirm":"25fc6538-a911-4433-9cd2-489f5d9bbec9","ts":"2025-04-02T10:05:59.340-04:00","source":{"id":"0","name":"eventBus"}}
{"__type":"$$EventMessageWorkflow","id":"456d9f1f-85c2-4ccf-9a42-75498c0d74ca","ts":"2025-04-03T00:27:29.404-04:00","eventName":"n8n.workflow.started","message":"n8n.workflow.started","payload":{"executionId":"50","workflowId":"BKPjqGZrfnl3RJHk","isManual":false,"workflowName":"Webhook"}}
{"__type":"$$EventMessageConfirm","confirm":"456d9f1f-85c2-4ccf-9a42-75498c0d74ca","ts":"2025-04-03T00:27:29.405-04:00","source":{"id":"0","name":"eventBus"}}
{"__type":"$$EventMessageNode","id":"83ef4fbf-0d8d-484f-92d3-4d8c09b69512","ts":"2025-04-03T00:27:29.407-04:00","eventName":"n8n.node.started","message":"n8n.node.started","payload":{"workflowId":"BKPjqGZrfnl3RJHk","workflowName":"Webhook","executionId":"50","nodeType":"n8n-nodes-base.gmail","nodeName":"Gmail"}}
{"__type":"$$EventMessageConfirm","confirm":"83ef4fbf-0d8d-484f-92d3-4d8c09b69512","ts":"2025-04-03T00:27:29.407-04:00","source":{"id":"0","name":"eventBus"}}
{"__type":"$$EventMessageNode","id":"ac05c065-ad53-4171-bd25-34c017230116","ts":"2025-04-03T00:27:30.882-04:00","eventName":"n8n.node.finished","message":"n8n.node.finished","payload":{"workflowId":"BKPjqGZrfnl3RJHk","workflowName":"Webhook","executionId":"50","nodeType":"n8n-nodes-base.gmail","nodeName":"Gmail"}}
{"__type":"$$EventMessageConfirm","confirm":"ac05c065-ad53-4171-bd25-34c017230116","ts":"2025-04-03T00:27:30.882-04:00","source":{"id":"0","name":"eventBus"}}
{"__type":"$$EventMessageWorkflow","id":"97c7f828-5316-47a9-83f8-92979a13215c","ts":"2025-04-03T00:27:30.887-04:00","eventName":"n8n.workflow.success","message":"n8n.workflow.success","payload":{"executionId":"50","userId":"fd90f13e-ba04-4333-9319-610de6bd9af0","success":true,"isManual":true,"workflowId":"BKPjqGZrfnl3RJHk","workflowName":"Webhook"}}
{"__type":"$$EventMessageConfirm","confirm":"97c7f828-5316-47a9-83f8-92979a13215c","ts":"2025-04-03T00:27:30.887-04:00","source":{"id":"0","name":"eventBus"}}
{"__type":"$$EventMessageWorkflow","id":"210cd770-c413-4440-8554-7019a889de3f","ts":"2025-04-03T00:31:08.500-04:00","eventName":"n8n.workflow.started","message":"n8n.workflow.started","payload":{"executionId":"51","workflowId":"BKPjqGZrfnl3RJHk","isManual":false,"workflowName":"Webhook"}}
{"__type":"$$EventMessageConfirm","confirm":"210cd770-c413-4440-8554-7019a889de3f","ts":"2025-04-03T00:31:08.501-04:00","source":{"id":"0","name":"eventBus"}}
{"__type":"$$EventMessageNode","id":"5144506b-2753-41af-8df9-5b10ffb020b6","ts":"2025-04-03T00:31:08.503-04:00","eventName":"n8n.node.started","message":"n8n.node.started","payload":{"workflowId":"BKPjqGZrfnl3RJHk","workflowName":"Webhook","executionId":"51","nodeType":"n8n-nodes-base.gmail","nodeName":"Gmail"}}
{"__type":"$$EventMessageConfirm","confirm":"5144506b-2753-41af-8df9-5b10ffb020b6","ts":"2025-04-03T00:31:08.503-04:00","source":{"id":"0","name":"eventBus"}}
{"__type":"$$EventMessageNode","id":"842fd2ce-7255-4eb1-be2e-acc57a1fd60f","ts":"2025-04-03T00:31:09.237-04:00","eventName":"n8n.node.finished","message":"n8n.node.finished","payload":{"workflowId":"BKPjqGZrfnl3RJHk","workflowName":"Webhook","executionId":"51","nodeType":"n8n-nodes-base.gmail","nodeName":"Gmail"}}
{"__type":"$$EventMessageConfirm","confirm":"842fd2ce-7255-4eb1-be2e-acc57a1fd60f","ts":"2025-04-03T00:31:09.239-04:00","source":{"id":"0","name":"eventBus"}}
{"__type":"$$EventMessageWorkflow","id":"ca73a8bf-2bca-4c17-8580-de3c18ba84dc","ts":"2025-04-03T00:31:09.245-04:00","eventName":"n8n.workflow.success","message":"n8n.workflow.success","payload":{"executionId":"51","userId":"fd90f13e-ba04-4333-9319-610de6bd9af0","success":true,"isManual":true,"workflowId":"BKPjqGZrfnl3RJHk","workflowName":"Webhook"}}
{"__type":"$$EventMessageConfirm","confirm":"ca73a8bf-2bca-4c17-8580-de3c18ba84dc","ts":"2025-04-03T00:31:09.246-04:00","source":{"id":"0","name":"eventBus"}}
{"__type":"$$EventMessageWorkflow","id":"e09d76cd-2550-4807-bce2-54f97c1e4aba","ts":"2025-04-03T00:38:55.984-04:00","eventName":"n8n.workflow.started","message":"n8n.workflow.started","payload":{"executionId":"52","workflowId":"BKPjqGZrfnl3RJHk","isManual":false,"workflowName":"Webhook"}}
{"__type":"$$EventMessageConfirm","confirm":"e09d76cd-2550-4807-bce2-54f97c1e4aba","ts":"2025-04-03T00:38:55.984-04:00","source":{"id":"0","name":"eventBus"}}
{"__type":"$$EventMessageNode","id":"88223793-f7f8-4622-93f1-0daf19ed729c","ts":"2025-04-03T00:38:55.985-04:00","eventName":"n8n.node.started","message":"n8n.node.started","payload":{"workflowId":"BKPjqGZrfnl3RJHk","workflowName":"Webhook","executionId":"52","nodeType":"n8n-nodes-base.googleSheets","nodeName":"Google Sheets2"}}
{"__type":"$$EventMessageConfirm","confirm":"88223793-f7f8-4622-93f1-0daf19ed729c","ts":"2025-04-03T00:38:55.986-04:00","source":{"id":"0","name":"eventBus"}}
{"__type":"$$EventMessageNode","id":"da4fe9d0-a530-4edd-a0bd-8febdbe947b2","ts":"2025-04-03T00:38:59.672-04:00","eventName":"n8n.node.finished","message":"n8n.node.finished","payload":{"workflowId":"BKPjqGZrfnl3RJHk","workflowName":"Webhook","executionId":"52","nodeType":"n8n-nodes-base.googleSheets","nodeName":"Google Sheets2"}}
{"__type":"$$EventMessageConfirm","confirm":"da4fe9d0-a530-4edd-a0bd-8febdbe947b2","ts":"2025-04-03T00:38:59.672-04:00","source":{"id":"0","name":"eventBus"}}
{"__type":"$$EventMessageWorkflow","id":"c3e5b3f2-8de3-4cd6-9d13-ce969ef2178f","ts":"2025-04-03T00:38:59.678-04:00","eventName":"n8n.workflow.success","message":"n8n.workflow.success","payload":{"executionId":"52","userId":"fd90f13e-ba04-4333-9319-610de6bd9af0","success":true,"isManual":true,"workflowId":"BKPjqGZrfnl3RJHk","workflowName":"Webhook"}}
{"__type":"$$EventMessageConfirm","confirm":"c3e5b3f2-8de3-4cd6-9d13-ce969ef2178f","ts":"2025-04-03T00:38:59.678-04:00","source":{"id":"0","name":"eventBus"}}
{"__type":"$$EventMessageWorkflow","id":"5d79f2bb-f224-4eba-9e19-3af2ec8efba1","ts":"2025-04-03T01:02:48.780-04:00","eventName":"n8n.workflow.started","message":"n8n.workflow.started","payload":{"executionId":"53","workflowId":"BKPjqGZrfnl3RJHk","isManual":false,"workflowName":"Webhook"}}
{"__type":"$$EventMessageConfirm","confirm":"5d79f2bb-f224-4eba-9e19-3af2ec8efba1","ts":"2025-04-03T01:02:48.780-04:00","source":{"id":"0","name":"eventBus"}}
{"__type":"$$EventMessageNode","id":"19775973-a5b4-41b6-ad8e-bdea257c7e27","ts":"2025-04-03T01:02:48.781-04:00","eventName":"n8n.node.started","message":"n8n.node.started","payload":{"workflowId":"BKPjqGZrfnl3RJHk","workflowName":"Webhook","executionId":"53","nodeType":"n8n-nodes-base.webhook","nodeName":"Webhook"}}
{"__type":"$$EventMessageConfirm","confirm":"19775973-a5b4-41b6-ad8e-bdea257c7e27","ts":"2025-04-03T01:02:48.781-04:00","source":{"id":"0","name":"eventBus"}}
{"__type":"$$EventMessageNode","id":"a3612168-2521-4493-ab85-0ebb30f95dd2","ts":"2025-04-03T01:02:48.784-04:00","eventName":"n8n.node.finished","message":"n8n.node.finished","payload":{"workflowId":"BKPjqGZrfnl3RJHk","workflowName":"Webhook","executionId":"53","nodeType":"n8n-nodes-base.webhook","nodeName":"Webhook"}}
{"__type":"$$EventMessageConfirm","confirm":"a3612168-2521-4493-ab85-0ebb30f95dd2","ts":"2025-04-03T01:02:48.784-04:00","source":{"id":"0","name":"eventBus"}}
{"__type":"$$EventMessageNode","id":"4eee2b0c-63b2-483a-a9de-39dd127ac02e","ts":"2025-04-03T01:02:48.785-04:00","eventName":"n8n.node.started","message":"n8n.node.started","payload":{"workflowId":"BKPjqGZrfnl3RJHk","workflowName":"Webhook","executionId":"53","nodeType":"n8n-nodes-base.set","nodeName":"Edit Fields"}}
{"__type":"$$EventMessageConfirm","confirm":"4eee2b0c-63b2-483a-a9de-39dd127ac02e","ts":"2025-04-03T01:02:48.785-04:00","source":{"id":"0","name":"eventBus"}}
{"__type":"$$EventMessageNode","id":"82ff3bfc-836d-44e8-8520-d7b55f35ca96","ts":"2025-04-03T01:02:48.833-04:00","eventName":"n8n.node.finished","message":"n8n.node.finished","payload":{"workflowId":"BKPjqGZrfnl3RJHk","workflowName":"Webhook","executionId":"53","nodeType":"n8n-nodes-base.set","nodeName":"Edit Fields"}}
{"__type":"$$EventMessageConfirm","confirm":"82ff3bfc-836d-44e8-8520-d7b55f35ca96","ts":"2025-04-03T01:02:48.833-04:00","source":{"id":"0","name":"eventBus"}}
{"__type":"$$EventMessageNode","id":"f7ce5f4c-50cc-483a-8851-7f1763b9a180","ts":"2025-04-03T01:02:48.834-04:00","eventName":"n8n.node.started","message":"n8n.node.started","payload":{"workflowId":"BKPjqGZrfnl3RJHk","workflowName":"Webhook","executionId":"53","nodeType":"n8n-nodes-base.gmail","nodeName":"Gmail"}}
{"__type":"$$EventMessageConfirm","confirm":"f7ce5f4c-50cc-483a-8851-7f1763b9a180","ts":"2025-04-03T01:02:48.834-04:00","source":{"id":"0","name":"eventBus"}}
{"__type":"$$EventMessageNode","id":"48bdcce6-a0cb-4725-8548-f2a1106d02e7","ts":"2025-04-03T01:02:49.505-04:00","eventName":"n8n.node.finished","message":"n8n.node.finished","payload":{"workflowId":"BKPjqGZrfnl3RJHk","workflowName":"Webhook","executionId":"53","nodeType":"n8n-nodes-base.gmail","nodeName":"Gmail"}}
{"__type":"$$EventMessageConfirm","confirm":"48bdcce6-a0cb-4725-8548-f2a1106d02e7","ts":"2025-04-03T01:02:49.505-04:00","source":{"id":"0","name":"eventBus"}}
{"__type":"$$EventMessageWorkflow","id":"fb056f3e-6bb0-47a6-a650-9d59458a3cac","ts":"2025-04-03T01:02:49.510-04:00","eventName":"n8n.workflow.success","message":"n8n.workflow.success","payload":{"executionId":"53","success":true,"isManual":true,"workflowId":"BKPjqGZrfnl3RJHk","workflowName":"Webhook"}}
{"__type":"$$EventMessageConfirm","confirm":"fb056f3e-6bb0-47a6-a650-9d59458a3cac","ts":"2025-04-03T01:02:49.511-04:00","source":{"id":"0","name":"eventBus"}}
{"__type":"$$EventMessageWorkflow","id":"233fd7dd-b1c0-4a37-9fd7-e2145c87a54b","ts":"2025-04-03T01:12:19.454-04:00","eventName":"n8n.workflow.started","message":"n8n.workflow.started","payload":{"executionId":"54","workflowId":"BKPjqGZrfnl3RJHk","isManual":false,"workflowName":"Webhook"}}
{"__type":"$$EventMessageConfirm","confirm":"233fd7dd-b1c0-4a37-9fd7-e2145c87a54b","ts":"2025-04-03T01:12:19.454-04:00","source":{"id":"0","name":"eventBus"}}
{"__type":"$$EventMessageNode","id":"0db4ec2e-8407-4b54-af02-121987b5eadc","ts":"2025-04-03T01:12:19.455-04:00","eventName":"n8n.node.started","message":"n8n.node.started","payload":{"workflowId":"BKPjqGZrfnl3RJHk","workflowName":"Webhook","executionId":"54","nodeType":"n8n-nodes-base.set","nodeName":"Edit Fields"}}
{"__type":"$$EventMessageConfirm","confirm":"0db4ec2e-8407-4b54-af02-121987b5eadc","ts":"2025-04-03T01:12:19.455-04:00","source":{"id":"0","name":"eventBus"}}
{"__type":"$$EventMessageNode","id":"7b32f80e-9336-4dec-bc05-0938d84423aa","ts":"2025-04-03T01:12:19.560-04:00","eventName":"n8n.node.finished","message":"n8n.node.finished","payload":{"workflowId":"BKPjqGZrfnl3RJHk","workflowName":"Webhook","executionId":"54","nodeType":"n8n-nodes-base.set","nodeName":"Edit Fields"}}
{"__type":"$$EventMessageConfirm","confirm":"7b32f80e-9336-4dec-bc05-0938d84423aa","ts":"2025-04-03T01:12:19.561-04:00","source":{"id":"0","name":"eventBus"}}
{"__type":"$$EventMessageWorkflow","id":"d2610cd5-50fa-446b-bda9-3a73b93d3ab6","ts":"2025-04-03T01:12:19.566-04:00","eventName":"n8n.workflow.success","message":"n8n.workflow.success","payload":{"executionId":"54","userId":"fd90f13e-ba04-4333-9319-610de6bd9af0","success":true,"isManual":true,"workflowId":"BKPjqGZrfnl3RJHk","workflowName":"Webhook"}}
{"__type":"$$EventMessageConfirm","confirm":"d2610cd5-50fa-446b-bda9-3a73b93d3ab6","ts":"2025-04-03T01:12:19.567-04:00","source":{"id":"0","name":"eventBus"}}
{"__type":"$$EventMessageWorkflow","id":"db9d20ac-a69d-4317-86d1-9a94d46ad2b5","ts":"2025-04-03T01:14:54.415-04:00","eventName":"n8n.workflow.started","message":"n8n.workflow.started","payload":{"executionId":"55","workflowId":"BKPjqGZrfnl3RJHk","isManual":false,"workflowName":"Webhook"}}
{"__type":"$$EventMessageConfirm","confirm":"db9d20ac-a69d-4317-86d1-9a94d46ad2b5","ts":"2025-04-03T01:14:54.416-04:00","source":{"id":"0","name":"eventBus"}}
{"__type":"$$EventMessageNode","id":"824e200d-36c3-46b0-9c61-8f1c8e290f27","ts":"2025-04-03T01:14:54.416-04:00","eventName":"n8n.node.started","message":"n8n.node.started","payload":{"workflowId":"BKPjqGZrfnl3RJHk","workflowName":"Webhook","executionId":"55","nodeType":"n8n-nodes-base.gmail","nodeName":"Gmail"}}
{"__type":"$$EventMessageConfirm","confirm":"824e200d-36c3-46b0-9c61-8f1c8e290f27","ts":"2025-04-03T01:14:54.416-04:00","source":{"id":"0","name":"eventBus"}}
{"__type":"$$EventMessageNode","id":"b5c917a7-ebae-4029-8996-ea803248af5c","ts":"2025-04-03T01:14:55.131-04:00","eventName":"n8n.node.finished","message":"n8n.node.finished","payload":{"workflowId":"BKPjqGZrfnl3RJHk","workflowName":"Webhook","executionId":"55","nodeType":"n8n-nodes-base.gmail","nodeName":"Gmail"}}
{"__type":"$$EventMessageConfirm","confirm":"b5c917a7-ebae-4029-8996-ea803248af5c","ts":"2025-04-03T01:14:55.131-04:00","source":{"id":"0","name":"eventBus"}}
{"__type":"$$EventMessageWorkflow","id":"8bfe58c6-e1b4-4f96-b358-e4f1d7ab912c","ts":"2025-04-03T01:14:55.135-04:00","eventName":"n8n.workflow.success","message":"n8n.workflow.success","payload":{"executionId":"55","userId":"fd90f13e-ba04-4333-9319-610de6bd9af0","success":true,"isManual":true,"workflowId":"BKPjqGZrfnl3RJHk","workflowName":"Webhook"}}
{"__type":"$$EventMessageConfirm","confirm":"8bfe58c6-e1b4-4f96-b358-e4f1d7ab912c","ts":"2025-04-03T01:14:55.135-04:00","source":{"id":"0","name":"eventBus"}}
{"__type":"$$EventMessageWorkflow","id":"ef72aebb-23b8-4f5c-bcae-31013b19007c","ts":"2025-04-03T01:33:48.293-04:00","eventName":"n8n.workflow.started","message":"n8n.workflow.started","payload":{"executionId":"56","workflowId":"BKPjqGZrfnl3RJHk","isManual":false,"workflowName":"Webhook"}}
{"__type":"$$EventMessageConfirm","confirm":"ef72aebb-23b8-4f5c-bcae-31013b19007c","ts":"2025-04-03T01:33:48.293-04:00","source":{"id":"0","name":"eventBus"}}
{"__type":"$$EventMessageNode","id":"dc8df2bd-c428-4f58-afde-a8dac1032a76","ts":"2025-04-03T01:33:48.294-04:00","eventName":"n8n.node.started","message":"n8n.node.started","payload":{"workflowId":"BKPjqGZrfnl3RJHk","workflowName":"Webhook","executionId":"56","nodeType":"n8n-nodes-base.webhook","nodeName":"Webhook"}}
{"__type":"$$EventMessageConfirm","confirm":"dc8df2bd-c428-4f58-afde-a8dac1032a76","ts":"2025-04-03T01:33:48.294-04:00","source":{"id":"0","name":"eventBus"}}
{"__type":"$$EventMessageNode","id":"77854805-afaa-4390-8b1b-ef01b285e9ad","ts":"2025-04-03T01:33:48.295-04:00","eventName":"n8n.node.finished","message":"n8n.node.finished","payload":{"workflowId":"BKPjqGZrfnl3RJHk","workflowName":"Webhook","executionId":"56","nodeType":"n8n-nodes-base.webhook","nodeName":"Webhook"}}
{"__type":"$$EventMessageConfirm","confirm":"77854805-afaa-4390-8b1b-ef01b285e9ad","ts":"2025-04-03T01:33:48.295-04:00","source":{"id":"0","name":"eventBus"}}
{"__type":"$$EventMessageNode","id":"b0bd3af6-6ac2-4362-9d85-ada9633338dc","ts":"2025-04-03T01:33:48.296-04:00","eventName":"n8n.node.started","message":"n8n.node.started","payload":{"workflowId":"BKPjqGZrfnl3RJHk","workflowName":"Webhook","executionId":"56","nodeType":"n8n-nodes-base.gmail","nodeName":"Gmail"}}
{"__type":"$$EventMessageConfirm","confirm":"b0bd3af6-6ac2-4362-9d85-ada9633338dc","ts":"2025-04-03T01:33:48.296-04:00","source":{"id":"0","name":"eventBus"}}
{"__type":"$$EventMessageNode","id":"01084ba4-9eab-4ca3-80b4-aab6cd9a620b","ts":"2025-04-03T01:33:49.700-04:00","eventName":"n8n.node.finished","message":"n8n.node.finished","payload":{"workflowId":"BKPjqGZrfnl3RJHk","workflowName":"Webhook","executionId":"56","nodeType":"n8n-nodes-base.gmail","nodeName":"Gmail"}}
{"__type":"$$EventMessageConfirm","confirm":"01084ba4-9eab-4ca3-80b4-aab6cd9a620b","ts":"2025-04-03T01:33:49.700-04:00","source":{"id":"0","name":"eventBus"}}
{"__type":"$$EventMessageWorkflow","id":"120bc1e6-8ee9-4f9b-8d5f-b78b478308ca","ts":"2025-04-03T01:33:49.704-04:00","eventName":"n8n.workflow.success","message":"n8n.workflow.success","payload":{"executionId":"56","success":true,"isManual":true,"workflowId":"BKPjqGZrfnl3RJHk","workflowName":"Webhook"}}
{"__type":"$$EventMessageConfirm","confirm":"120bc1e6-8ee9-4f9b-8d5f-b78b478308ca","ts":"2025-04-03T01:33:49.705-04:00","source":{"id":"0","name":"eventBus"}}
{"__type":"$$EventMessageWorkflow","id":"04ae15ad-cb2f-42e4-a8f0-ef2c19566aa6","ts":"2025-04-03T01:34:07.672-04:00","eventName":"n8n.workflow.started","message":"n8n.workflow.started","payload":{"executionId":"57","workflowId":"BKPjqGZrfnl3RJHk","isManual":false,"workflowName":"Webhook"}}
{"__type":"$$EventMessageConfirm","confirm":"04ae15ad-cb2f-42e4-a8f0-ef2c19566aa6","ts":"2025-04-03T01:34:07.672-04:00","source":{"id":"0","name":"eventBus"}}
{"__type":"$$EventMessageNode","id":"bc2fa24d-7639-4cc7-91b2-29ef86deb881","ts":"2025-04-03T01:34:07.674-04:00","eventName":"n8n.node.started","message":"n8n.node.started","payload":{"workflowId":"BKPjqGZrfnl3RJHk","workflowName":"Webhook","executionId":"57","nodeType":"n8n-nodes-base.webhook","nodeName":"Webhook"}}
{"__type":"$$EventMessageConfirm","confirm":"bc2fa24d-7639-4cc7-91b2-29ef86deb881","ts":"2025-04-03T01:34:07.675-04:00","source":{"id":"0","name":"eventBus"}}
{"__type":"$$EventMessageNode","id":"c65ce520-1cc7-4de7-b8f9-fca7884c671e","ts":"2025-04-03T01:34:07.675-04:00","eventName":"n8n.node.finished","message":"n8n.node.finished","payload":{"workflowId":"BKPjqGZrfnl3RJHk","workflowName":"Webhook","executionId":"57","nodeType":"n8n-nodes-base.webhook","nodeName":"Webhook"}}
{"__type":"$$EventMessageConfirm","confirm":"c65ce520-1cc7-4de7-b8f9-fca7884c671e","ts":"2025-04-03T01:34:07.676-04:00","source":{"id":"0","name":"eventBus"}}
{"__type":"$$EventMessageNode","id":"09314b50-ec39-4396-8995-c693f6349846","ts":"2025-04-03T01:34:07.676-04:00","eventName":"n8n.node.started","message":"n8n.node.started","payload":{"workflowId":"BKPjqGZrfnl3RJHk","workflowName":"Webhook","executionId":"57","nodeType":"n8n-nodes-base.gmail","nodeName":"Gmail"}}
{"__type":"$$EventMessageConfirm","confirm":"09314b50-ec39-4396-8995-c693f6349846","ts":"2025-04-03T01:34:07.677-04:00","source":{"id":"0","name":"eventBus"}}
{"__type":"$$EventMessageNode","id":"011b8510-1a12-425f-b3b2-dc2d14c77beb","ts":"2025-04-03T01:34:08.510-04:00","eventName":"n8n.node.finished","message":"n8n.node.finished","payload":{"workflowId":"BKPjqGZrfnl3RJHk","workflowName":"Webhook","executionId":"57","nodeType":"n8n-nodes-base.gmail","nodeName":"Gmail"}}
{"__type":"$$EventMessageConfirm","confirm":"011b8510-1a12-425f-b3b2-dc2d14c77beb","ts":"2025-04-03T01:34:08.510-04:00","source":{"id":"0","name":"eventBus"}}
{"__type":"$$EventMessageWorkflow","id":"2189f9f0-25f8-442b-aef7-be737da1f958","ts":"2025-04-03T01:34:08.514-04:00","eventName":"n8n.workflow.success","message":"n8n.workflow.success","payload":{"executionId":"57","success":true,"isManual":true,"workflowId":"BKPjqGZrfnl3RJHk","workflowName":"Webhook"}}
{"__type":"$$EventMessageConfirm","confirm":"2189f9f0-25f8-442b-aef7-be737da1f958","ts":"2025-04-03T01:34:08.514-04:00","source":{"id":"0","name":"eventBus"}}
{"__type":"$$EventMessageWorkflow","id":"dbd8267e-cb6e-453f-b9fd-110d0eac582d","ts":"2025-04-03T01:40:50.560-04:00","eventName":"n8n.workflow.started","message":"n8n.workflow.started","payload":{"executionId":"58","workflowId":"BKPjqGZrfnl3RJHk","isManual":false,"workflowName":"Webhook"}}
{"__type":"$$EventMessageConfirm","confirm":"dbd8267e-cb6e-453f-b9fd-110d0eac582d","ts":"2025-04-03T01:40:50.560-04:00","source":{"id":"0","name":"eventBus"}}
{"__type":"$$EventMessageNode","id":"8980f7be-fe42-4f30-9672-f5c800d57e72","ts":"2025-04-03T01:40:50.561-04:00","eventName":"n8n.node.started","message":"n8n.node.started","payload":{"workflowId":"BKPjqGZrfnl3RJHk","workflowName":"Webhook","executionId":"58","nodeType":"n8n-nodes-base.webhook","nodeName":"Webhook"}}
{"__type":"$$EventMessageConfirm","confirm":"8980f7be-fe42-4f30-9672-f5c800d57e72","ts":"2025-04-03T01:40:50.561-04:00","source":{"id":"0","name":"eventBus"}}
{"__type":"$$EventMessageNode","id":"3d0c11e9-3d21-486c-92c0-3d5e7d729d25","ts":"2025-04-03T01:40:50.562-04:00","eventName":"n8n.node.finished","message":"n8n.node.finished","payload":{"workflowId":"BKPjqGZrfnl3RJHk","workflowName":"Webhook","executionId":"58","nodeType":"n8n-nodes-base.webhook","nodeName":"Webhook"}}
{"__type":"$$EventMessageConfirm","confirm":"3d0c11e9-3d21-486c-92c0-3d5e7d729d25","ts":"2025-04-03T01:40:50.562-04:00","source":{"id":"0","name":"eventBus"}}
{"__type":"$$EventMessageNode","id":"e17b59a4-2ff0-4dbf-b3b5-a3ce332507cc","ts":"2025-04-03T01:40:50.563-04:00","eventName":"n8n.node.started","message":"n8n.node.started","payload":{"workflowId":"BKPjqGZrfnl3RJHk","workflowName":"Webhook","executionId":"58","nodeType":"n8n-nodes-base.gmail","nodeName":"Gmail"}}
{"__type":"$$EventMessageConfirm","confirm":"e17b59a4-2ff0-4dbf-b3b5-a3ce332507cc","ts":"2025-04-03T01:40:50.563-04:00","source":{"id":"0","name":"eventBus"}}
{"__type":"$$EventMessageNode","id":"e2b7d376-6405-4d49-95ef-bb9963689d73","ts":"2025-04-03T01:40:51.196-04:00","eventName":"n8n.node.finished","message":"n8n.node.finished","payload":{"workflowId":"BKPjqGZrfnl3RJHk","workflowName":"Webhook","executionId":"58","nodeType":"n8n-nodes-base.gmail","nodeName":"Gmail"}}
{"__type":"$$EventMessageConfirm","confirm":"e2b7d376-6405-4d49-95ef-bb9963689d73","ts":"2025-04-03T01:40:51.196-04:00","source":{"id":"0","name":"eventBus"}}
{"__type":"$$EventMessageWorkflow","id":"aa2dd52e-9e70-43e5-a66d-f8e149e69aca","ts":"2025-04-03T01:40:51.202-04:00","eventName":"n8n.workflow.success","message":"n8n.workflow.success","payload":{"executionId":"58","success":true,"isManual":true,"workflowId":"BKPjqGZrfnl3RJHk","workflowName":"Webhook"}}
{"__type":"$$EventMessageConfirm","confirm":"aa2dd52e-9e70-43e5-a66d-f8e149e69aca","ts":"2025-04-03T01:40:51.202-04:00","source":{"id":"0","name":"eventBus"}}
{"__type":"$$EventMessageAudit","id":"6225196f-cf71-4321-9be8-38520e94312a","ts":"2025-04-03T02:04:04.156-04:00","eventName":"n8n.audit.workflow.updated","message":"n8n.audit.workflow.updated","payload":{"userId":"fd90f13e-ba04-4333-9319-610de6bd9af0","_email":"harishankar@iyyntechnology.com","_firstName":"Hari","_lastName":"Shankar","globalRole":"global:owner","workflowId":"BKPjqGZrfnl3RJHk","workflowName":"Webhook"}}
{"__type":"$$EventMessageConfirm","confirm":"6225196f-cf71-4321-9be8-38520e94312a","ts":"2025-04-03T02:04:04.157-04:00","source":{"id":"0","name":"eventBus"}}
{"__type":"$$EventMessageWorkflow","id":"4070fb53-f42e-46b7-aaa9-e6b1b1b284a6","ts":"2025-04-03T02:14:22.710-04:00","eventName":"n8n.workflow.started","message":"n8n.workflow.started","payload":{"executionId":"59","workflowId":"BKPjqGZrfnl3RJHk","isManual":false,"workflowName":"Webhook"}}
{"__type":"$$EventMessageConfirm","confirm":"4070fb53-f42e-46b7-aaa9-e6b1b1b284a6","ts":"2025-04-03T02:14:22.711-04:00","source":{"id":"0","name":"eventBus"}}
{"__type":"$$EventMessageNode","id":"494eb993-391c-487f-8b05-2017369a2d29","ts":"2025-04-03T02:14:22.712-04:00","eventName":"n8n.node.started","message":"n8n.node.started","payload":{"workflowId":"BKPjqGZrfnl3RJHk","workflowName":"Webhook","executionId":"59","nodeType":"n8n-nodes-base.webhook","nodeName":"Webhook"}}
{"__type":"$$EventMessageConfirm","confirm":"494eb993-391c-487f-8b05-2017369a2d29","ts":"2025-04-03T02:14:22.712-04:00","source":{"id":"0","name":"eventBus"}}
{"__type":"$$EventMessageNode","id":"0a339a72-2d87-4ee7-a165-afc59f6915d1","ts":"2025-04-03T02:14:22.713-04:00","eventName":"n8n.node.finished","message":"n8n.node.finished","payload":{"workflowId":"BKPjqGZrfnl3RJHk","workflowName":"Webhook","executionId":"59","nodeType":"n8n-nodes-base.webhook","nodeName":"Webhook"}}
{"__type":"$$EventMessageConfirm","confirm":"0a339a72-2d87-4ee7-a165-afc59f6915d1","ts":"2025-04-03T02:14:22.713-04:00","source":{"id":"0","name":"eventBus"}}
{"__type":"$$EventMessageNode","id":"488b342d-9403-4520-ab4c-d8364cb16551","ts":"2025-04-03T02:14:22.714-04:00","eventName":"n8n.node.started","message":"n8n.node.started","payload":{"workflowId":"BKPjqGZrfnl3RJHk","workflowName":"Webhook","executionId":"59","nodeType":"n8n-nodes-base.gmail","nodeName":"Gmail"}}
{"__type":"$$EventMessageConfirm","confirm":"488b342d-9403-4520-ab4c-d8364cb16551","ts":"2025-04-03T02:14:22.714-04:00","source":{"id":"0","name":"eventBus"}}
{"__type":"$$EventMessageNode","id":"ab2a3bda-8219-4320-958b-82526e91d063","ts":"2025-04-03T02:14:23.458-04:00","eventName":"n8n.node.finished","message":"n8n.node.finished","payload":{"workflowId":"BKPjqGZrfnl3RJHk","workflowName":"Webhook","executionId":"59","nodeType":"n8n-nodes-base.gmail","nodeName":"Gmail"}}
{"__type":"$$EventMessageConfirm","confirm":"ab2a3bda-8219-4320-958b-82526e91d063","ts":"2025-04-03T02:14:23.458-04:00","source":{"id":"0","name":"eventBus"}}
{"__type":"$$EventMessageWorkflow","id":"21837979-88c4-46e1-94ed-4b32a0311941","ts":"2025-04-03T02:14:23.463-04:00","eventName":"n8n.workflow.success","message":"n8n.workflow.success","payload":{"executionId":"59","success":true,"isManual":true,"workflowId":"BKPjqGZrfnl3RJHk","workflowName":"Webhook"}}
{"__type":"$$EventMessageConfirm","confirm":"21837979-88c4-46e1-94ed-4b32a0311941","ts":"2025-04-03T02:14:23.463-04:00","source":{"id":"0","name":"eventBus"}}
{"__type":"$$EventMessageAudit","id":"c64c70a4-bf87-4ccc-9882-e42116bf8976","ts":"2025-04-03T02:51:15.531-04:00","eventName":"n8n.audit.user.credentials.created","message":"n8n.audit.user.credentials.created","payload":{"userId":"fd90f13e-ba04-4333-9319-610de6bd9af0","_email":"harishankar@iyyntechnology.com","_firstName":"Hari","_lastName":"Shankar","globalRole":"global:owner","credentialType":"githubOAuth2Api","credentialId":"bFPwdTTUTjWzTSce","publicApi":false,"projectId":"YfHgDXkEUYkLMJKv","projectType":"personal"}}
{"__type":"$$EventMessageConfirm","confirm":"c64c70a4-bf87-4ccc-9882-e42116bf8976","ts":"2025-04-03T02:51:15.531-04:00","source":{"id":"0","name":"eventBus"}}
{"__type":"$$EventMessageWorkflow","id":"3ee81f82-bb74-4883-83da-5f7ba382be70","ts":"2025-04-03T02:51:45.888-04:00","eventName":"n8n.workflow.started","message":"n8n.workflow.started","payload":{"executionId":"60","workflowId":"BKPjqGZrfnl3RJHk","isManual":false,"workflowName":"Webhook"}}
{"__type":"$$EventMessageConfirm","confirm":"3ee81f82-bb74-4883-83da-5f7ba382be70","ts":"2025-04-03T02:51:45.889-04:00","source":{"id":"0","name":"eventBus"}}
{"__type":"$$EventMessageNode","id":"1456cff1-a50b-4ea1-9de4-ea10a0771b03","ts":"2025-04-03T02:51:45.890-04:00","eventName":"n8n.node.started","message":"n8n.node.started","payload":{"workflowId":"BKPjqGZrfnl3RJHk","workflowName":"Webhook","executionId":"60","nodeType":"n8n-nodes-base.webhook","nodeName":"Webhook"}}
{"__type":"$$EventMessageConfirm","confirm":"1456cff1-a50b-4ea1-9de4-ea10a0771b03","ts":"2025-04-03T02:51:45.891-04:00","source":{"id":"0","name":"eventBus"}}
{"__type":"$$EventMessageNode","id":"fb56c2c9-c4e8-4220-889c-c3ad22025a9e","ts":"2025-04-03T02:51:45.892-04:00","eventName":"n8n.node.finished","message":"n8n.node.finished","payload":{"workflowId":"BKPjqGZrfnl3RJHk","workflowName":"Webhook","executionId":"60","nodeType":"n8n-nodes-base.webhook","nodeName":"Webhook"}}
{"__type":"$$EventMessageConfirm","confirm":"fb56c2c9-c4e8-4220-889c-c3ad22025a9e","ts":"2025-04-03T02:51:45.892-04:00","source":{"id":"0","name":"eventBus"}}
{"__type":"$$EventMessageNode","id":"2ddbb386-cfaf-44ca-b9bc-7317702c4ab6","ts":"2025-04-03T02:51:45.893-04:00","eventName":"n8n.node.started","message":"n8n.node.started","payload":{"workflowId":"BKPjqGZrfnl3RJHk","workflowName":"Webhook","executionId":"60","nodeType":"n8n-nodes-base.gmail","nodeName":"Gmail"}}
{"__type":"$$EventMessageConfirm","confirm":"2ddbb386-cfaf-44ca-b9bc-7317702c4ab6","ts":"2025-04-03T02:51:45.893-04:00","source":{"id":"0","name":"eventBus"}}
{"__type":"$$EventMessageNode","id":"14992e3a-e90d-415e-a6f6-77d063ac5dae","ts":"2025-04-03T02:51:47.056-04:00","eventName":"n8n.node.finished","message":"n8n.node.finished","payload":{"workflowId":"BKPjqGZrfnl3RJHk","workflowName":"Webhook","executionId":"60","nodeType":"n8n-nodes-base.gmail","nodeName":"Gmail"}}
{"__type":"$$EventMessageConfirm","confirm":"14992e3a-e90d-415e-a6f6-77d063ac5dae","ts":"2025-04-03T02:51:47.056-04:00","source":{"id":"0","name":"eventBus"}}
{"__type":"$$EventMessageWorkflow","id":"7495b582-78eb-484d-b578-d5739e9cffff","ts":"2025-04-03T02:51:47.058-04:00","eventName":"n8n.workflow.success","message":"n8n.workflow.success","payload":{"executionId":"60","success":true,"isManual":true,"workflowId":"BKPjqGZrfnl3RJHk","workflowName":"Webhook"}}
{"__type":"$$EventMessageConfirm","confirm":"7495b582-78eb-484d-b578-d5739e9cffff","ts":"2025-04-03T02:51:47.058-04:00","source":{"id":"0","name":"eventBus"}}
{"__type":"$$EventMessageAudit","id":"11d5730a-4b7f-43bd-91d8-8765f5a3870c","ts":"2025-04-03T03:17:58.665-04:00","eventName":"n8n.audit.workflow.updated","message":"n8n.audit.workflow.updated","payload":{"userId":"fd90f13e-ba04-4333-9319-610de6bd9af0","_email":"harishankar@iyyntechnology.com","_firstName":"Hari","_lastName":"Shankar","globalRole":"global:owner","workflowId":"BKPjqGZrfnl3RJHk","workflowName":"Webhook"}}
{"__type":"$$EventMessageConfirm","confirm":"11d5730a-4b7f-43bd-91d8-8765f5a3870c","ts":"2025-04-03T03:17:58.665-04:00","source":{"id":"0","name":"eventBus"}}
{"__type":"$$EventMessageAudit","id":"0d647fd9-d56f-4fa6-aaf2-2d7c39ec7b55","ts":"2025-04-03T03:21:15.709-04:00","eventName":"n8n.audit.user.credentials.updated","message":"n8n.audit.user.credentials.updated","payload":{"userId":"fd90f13e-ba04-4333-9319-610de6bd9af0","_email":"harishankar@iyyntechnology.com","_firstName":"Hari","_lastName":"Shankar","globalRole":"global:owner","credentialType":"githubOAuth2Api","credentialId":"bFPwdTTUTjWzTSce"}}
{"__type":"$$EventMessageConfirm","confirm":"0d647fd9-d56f-4fa6-aaf2-2d7c39ec7b55","ts":"2025-04-03T03:21:15.709-04:00","source":{"id":"0","name":"eventBus"}}
